<?xml version="1.0" encoding="UTF-8"?>
<testng-results ignored="0" total="2" passed="2" failed="0" skipped="0">
  <reporter-output>
  </reporter-output>
  <suite started-at="2025-07-27T21:20:01 IST" name="Master Store Suite" finished-at="2025-07-27T21:20:14 IST" duration-ms="12701">
    <groups>
      <group name="Master">
        <method signature="TC001_AccountRegistrationTest.accountRegistration()[pri:0, instance:testCases.TC001_AccountRegistrationTest@1573f9fc]" name="accountRegistration" class="testCases.TC001_AccountRegistrationTest"/>
        <method signature="TC002_Login.userLogin()[pri:0, instance:testCases.TC002_Login@662ac478]" name="userLogin" class="testCases.TC002_Login"/>
      </group> <!-- Master -->
      <group name="Sanity">
        <method signature="TC002_Login.userLogin()[pri:0, instance:testCases.TC002_Login@662ac478]" name="userLogin" class="testCases.TC002_Login"/>
      </group> <!-- Sanity -->
      <group name="Regression">
        <method signature="TC001_AccountRegistrationTest.accountRegistration()[pri:0, instance:testCases.TC001_AccountRegistrationTest@1573f9fc]" name="accountRegistration" class="testCases.TC001_AccountRegistrationTest"/>
      </group> <!-- Regression -->
    </groups>
    <test started-at="2025-07-27T21:20:01 IST" name="Chrome test" finished-at="2025-07-27T21:20:14 IST" duration-ms="12701">
      <class name="testCases.TC002_Login">
        <test-method is-config="true" signature="setUp(java.lang.String,java.lang.String)[pri:0, instance:testCases.TC002_Login@662ac478]" started-at="2025-07-27T21:20:09 IST" name="setUp" finished-at="2025-07-27T21:20:12 IST" duration-ms="3119" status="PASS">
          <params>
            <param index="0">
              <value>
                <![CDATA[Windows]]>
              </value>
            </param>
            <param index="1">
              <value>
                <![CDATA[Chrome]]>
              </value>
            </param>
          </params>
          <reporter-output>
          </reporter-output>
        </test-method> <!-- setUp -->
        <test-method signature="userLogin()[pri:0, instance:testCases.TC002_Login@662ac478]" started-at="2025-07-27T21:20:12 IST" name="userLogin" finished-at="2025-07-27T21:20:14 IST" duration-ms="1325" status="PASS">
          <reporter-output>
          </reporter-output>
        </test-method> <!-- userLogin -->
        <test-method is-config="true" signature="tearDown()[pri:0, instance:testCases.TC002_Login@662ac478]" started-at="2025-07-27T21:20:14 IST" name="tearDown" finished-at="2025-07-27T21:20:14 IST" duration-ms="198" status="PASS">
          <reporter-output>
          </reporter-output>
        </test-method> <!-- tearDown -->
      </class> <!-- testCases.TC002_Login -->
      <class name="testCases.TC001_AccountRegistrationTest">
        <test-method is-config="true" signature="setUp(java.lang.String,java.lang.String)[pri:0, instance:testCases.TC001_AccountRegistrationTest@1573f9fc]" started-at="2025-07-27T21:20:01 IST" name="setUp" finished-at="2025-07-27T21:20:07 IST" duration-ms="5310" status="PASS">
          <params>
            <param index="0">
              <value>
                <![CDATA[Windows]]>
              </value>
            </param>
            <param index="1">
              <value>
                <![CDATA[Chrome]]>
              </value>
            </param>
          </params>
          <reporter-output>
          </reporter-output>
        </test-method> <!-- setUp -->
        <test-method signature="accountRegistration()[pri:0, instance:testCases.TC001_AccountRegistrationTest@1573f9fc]" started-at="2025-07-27T21:20:07 IST" name="accountRegistration" finished-at="2025-07-27T21:20:09 IST" duration-ms="2295" status="PASS">
          <reporter-output>
          </reporter-output>
        </test-method> <!-- accountRegistration -->
        <test-method is-config="true" signature="tearDown()[pri:0, instance:testCases.TC001_AccountRegistrationTest@1573f9fc]" started-at="2025-07-27T21:20:09 IST" name="tearDown" finished-at="2025-07-27T21:20:09 IST" duration-ms="182" status="PASS">
          <reporter-output>
          </reporter-output>
        </test-method> <!-- tearDown -->
      </class> <!-- testCases.TC001_AccountRegistrationTest -->
    </test> <!-- Chrome test -->
  </suite> <!-- Master Store Suite -->
</testng-results>
